c:\users\gecko.desktop-p7dt485\desktop\csgo-cheat\loader\loader\bin\vc142.pdb
c:\users\gecko.desktop-p7dt485\desktop\csgo-cheat\loader\loader\bin\main.obj
c:\users\gecko.desktop-p7dt485\desktop\csgo-cheat\loader\loader\objs\loader_release.lib
c:\users\gecko.desktop-p7dt485\desktop\csgo-cheat\loader\loader\objs\loader_release.exp
c:\users\gecko.desktop-p7dt485\desktop\csgo-cheat\loader\loader\objs\loader_release.ipdb
c:\users\gecko.desktop-p7dt485\desktop\csgo-cheat\loader\loader\objs\loader_release.iobj
c:\users\gecko.desktop-p7dt485\desktop\csgo-cheat\loader\loader\.\bin\vcpkg.applocal.log
c:\users\gecko.desktop-p7dt485\desktop\csgo-cheat\loader\loader\objs\libcurl.dll
c:\users\gecko.desktop-p7dt485\desktop\csgo-cheat\loader\loader\objs\zlib1.dll
c:\users\gecko.desktop-p7dt485\desktop\csgo-cheat\loader\loader\objs\loader_debug.lib
c:\users\gecko.desktop-p7dt485\desktop\csgo-cheat\loader\loader\objs\loader_debug.exp
c:\users\gecko.desktop-p7dt485\desktop\csgo-cheat\loader\loader\objs\libcurl-d.dll
c:\users\gecko.desktop-p7dt485\desktop\csgo-cheat\loader\loader\objs\zlibd1.dll
c:\users\gecko.desktop-p7dt485\desktop\csgo-cheat\loader\loader\bin\vc142.idb
c:\users\gecko.desktop-p7dt485\desktop\csgo-cheat\loader\loader\bin\loader - main.tlog\cl.command.1.tlog
c:\users\gecko.desktop-p7dt485\desktop\csgo-cheat\loader\loader\bin\loader - main.tlog\cl.read.1.tlog
c:\users\gecko.desktop-p7dt485\desktop\csgo-cheat\loader\loader\bin\loader - main.tlog\cl.write.1.tlog
c:\users\gecko.desktop-p7dt485\desktop\csgo-cheat\loader\loader\bin\loader - main.tlog\link.command.1.tlog
c:\users\gecko.desktop-p7dt485\desktop\csgo-cheat\loader\loader\bin\loader - main.tlog\link.delete.1.tlog
c:\users\gecko.desktop-p7dt485\desktop\csgo-cheat\loader\loader\bin\loader - main.tlog\link.read.1.tlog
c:\users\gecko.desktop-p7dt485\desktop\csgo-cheat\loader\loader\bin\loader - main.tlog\link.write.1.tlog
c:\users\gecko.desktop-p7dt485\desktop\csgo-cheat\loader\loader\bin\loader - main.tlog\loader - main.write.1u.tlog
